<?xml version="1.0" encoding="UTF-8"?>
<!-- Generated by org.testng.reporters.JUnitReportReporter -->
<testsuite skipped="0" hostname="DESKTOP-1T2AMDB" name="TestCases.SwitchtoAlert" tests="1" failures="0" timestamp="2021-01-04T22:01:42 IST" time="4.738" errors="0">
  <testcase name="alerthanding" time="4.738" classname="TestCases.SwitchtoAlert"/>
</testsuite> <!-- TestCases.SwitchtoAlert -->
