<?xml version="1.0" encoding="UTF-8"?>
<!-- Generated by org.testng.reporters.JUnitReportReporter -->
<testsuite skipped="0" hostname="DESKTOP-1T2AMDB" name="SeleniumAllConceptsiWithTestNG.DynamicDropDown" tests="1" failures="0" timestamp="2021-03-05T01:28:44 IST" time="46.092" errors="0">
  <testcase name="DynamicDropDown" time="46.092" classname="SeleniumAllConceptsiWithTestNG.DynamicDropDown"/>
  <system-out/>
</testsuite> <!-- SeleniumAllConceptsiWithTestNG.DynamicDropDown -->
