<?xml version="1.0" encoding="UTF-8"?>
<!-- Generated by org.testng.reporters.JUnitReportReporter -->
<testsuite skipped="0" hostname="DESKTOP-1T2AMDB" name="SeleniumAllConceptsiWithTestNG.ScreenshotsDemo" tests="1" failures="0" timestamp="2021-03-05T01:28:45 IST" time="28.280" errors="0">
  <testcase name="ScreenshotsDemo" time="28.280" classname="SeleniumAllConceptsiWithTestNG.ScreenshotsDemo"/>
  <system-out/>
</testsuite> <!-- SeleniumAllConceptsiWithTestNG.ScreenshotsDemo -->
