<?xml version="1.0" encoding="UTF-8"?>
<!-- Generated by org.testng.reporters.JUnitReportReporter -->
<testsuite skipped="0" hostname="DESKTOP-1T2AMDB" name="BasicPrograms.ListConceptsPractice" tests="1" failures="0" timestamp="2021-03-09T02:42:22 IST" time="0.031" errors="0">
  <testcase name="ArrayListtoArrayConversion" time="0.031" classname="BasicPrograms.ListConceptsPractice"/>
  <system-out/>
</testsuite> <!-- BasicPrograms.ListConceptsPractice -->
