<?xml version="1.0" encoding="UTF-8"?>
<!-- Generated by org.testng.reporters.JUnitReportReporter -->
<testsuite skipped="0" hostname="DESKTOP-1T2AMDB" name="BasicPrograms.Patterns" tests="1" failures="0" timestamp="2021-02-24T01:42:02 IST" time="0.033" errors="0">
  <testcase name="RightTriangleStarPattern" time="0.033" classname="BasicPrograms.Patterns"/>
  <system-out/>
</testsuite> <!-- BasicPrograms.Patterns -->
