<?xml version="1.0" encoding="UTF-8"?>
<!-- Generated by org.testng.reporters.JUnitReportReporter -->
<testsuite skipped="5" hostname="DESKTOP-1T2AMDB" name="BasicPrograms.StringPatterns" tests="6" failures="0" timestamp="2021-02-18T10:51:17 IST" time="0.031" errors="0">
  <testcase name="StringtokenizerUse2" time="0.031" classname="BasicPrograms.StringPatterns"/>
  <system-out/>
  <testcase name="Stringtokenizer" classname="BasicPrograms.StringPatterns">
    <skipped/>
  </testcase> <!-- Stringtokenizer -->
  <system-out/>
  <testcase name="charactorClass" classname="BasicPrograms.StringPatterns">
    <skipped/>
  </testcase> <!-- charactorClass -->
  <system-out/>
  <testcase name="StringSplitWithoutPatternClass" classname="BasicPrograms.StringPatterns">
    <skipped/>
  </testcase> <!-- StringSplitWithoutPatternClass -->
  <system-out/>
  <testcase name="StringSplit" classname="BasicPrograms.StringPatterns">
    <skipped/>
  </testcase> <!-- StringSplit -->
  <system-out/>
  <testcase name="patternNoOfTimesCheck" classname="BasicPrograms.StringPatterns">
    <skipped/>
  </testcase> <!-- patternNoOfTimesCheck -->
  <system-out/>
</testsuite> <!-- BasicPrograms.StringPatterns -->
