<?xml version="1.0" encoding="UTF-8"?>
<!-- Generated by org.testng.reporters.JUnitReportReporter -->
<testsuite skipped="3" hostname="DESKTOP-1T2AMDB" name="BasicPrograms.ArrayOperations" tests="4" failures="0" timestamp="2021-02-02T10:32:22 IST" time="0.016" errors="0">
  <testcase name="arrayRevers" time="0.016" classname="BasicPrograms.ArrayOperations"/>
  <system-out/>
  <testcase name="combineArraysUsinArrayCopy" classname="BasicPrograms.ArrayOperations">
    <skipped/>
  </testcase> <!-- combineArraysUsinArrayCopy -->
  <system-out/>
  <testcase name="avrgOfArrayElements" classname="BasicPrograms.ArrayOperations">
    <skipped/>
  </testcase> <!-- avrgOfArrayElements -->
  <system-out/>
  <testcase name="combineArrayWithoutBuitinmethods" classname="BasicPrograms.ArrayOperations">
    <skipped/>
  </testcase> <!-- combineArrayWithoutBuitinmethods -->
  <system-out/>
</testsuite> <!-- BasicPrograms.ArrayOperations -->
