<?xml version="1.0" encoding="UTF-8"?>
<!-- Generated by org.testng.reporters.JUnitReportReporter -->
<testsuite skipped="0" hostname="DESKTOP-1T2AMDB" name="SeleniumAllConceptsiWithTestNG.CountOfLinksInPage" tests="1" failures="0" timestamp="2021-03-05T13:35:32 IST" time="40.508" errors="0">
  <testcase name="CountOfLinksInPage" time="40.508" classname="SeleniumAllConceptsiWithTestNG.CountOfLinksInPage"/>
  <system-out/>
</testsuite> <!-- SeleniumAllConceptsiWithTestNG.CountOfLinksInPage -->
