<?xml version="1.0" encoding="UTF-8"?>
<!-- Generated by org.testng.reporters.JUnitReportReporter -->
<testsuite skipped="6" hostname="DESKTOP-1T2AMDB" name="BasicPrograms.ArrayOperations" tests="7" failures="0" timestamp="2021-03-07T23:51:31 IST" time="0.033" errors="0">
  <testcase name="test" time="0.033" classname="BasicPrograms.ArrayOperations"/>
  <system-out/>
  <testcase name="reversArrayElementsWithoutmethods" classname="BasicPrograms.ArrayOperations">
    <skipped/>
  </testcase> <!-- reversArrayElementsWithoutmethods -->
  <system-out/>
  <testcase name="arrayRevers" classname="BasicPrograms.ArrayOperations">
    <skipped/>
  </testcase> <!-- arrayRevers -->
  <system-out/>
  <testcase name="combineArraysUsinArrayCopy" classname="BasicPrograms.ArrayOperations">
    <skipped/>
  </testcase> <!-- combineArraysUsinArrayCopy -->
  <system-out/>
  <testcase name="avrgOfArrayElements" classname="BasicPrograms.ArrayOperations">
    <skipped/>
  </testcase> <!-- avrgOfArrayElements -->
  <system-out/>
  <testcase name="combineArrayWithoutBuitinmethods" classname="BasicPrograms.ArrayOperations">
    <skipped/>
  </testcase> <!-- combineArrayWithoutBuitinmethods -->
  <system-out/>
  <testcase name="reversArrayElementsWithMethods" classname="BasicPrograms.ArrayOperations">
    <skipped/>
  </testcase> <!-- reversArrayElementsWithMethods -->
  <system-out/>
</testsuite> <!-- BasicPrograms.ArrayOperations -->
