<?xml version="1.0" encoding="UTF-8"?>
<!-- Generated by org.testng.reporters.JUnitReportReporter -->
<testsuite skipped="0" hostname="DESKTOP-1T2AMDB" name="SeleniumAllConceptsiWithTestNG.DropDown" tests="1" failures="0" timestamp="2021-03-05T01:28:45 IST" time="38.820" errors="0">
  <testcase name="DropDown" time="38.820" classname="SeleniumAllConceptsiWithTestNG.DropDown"/>
  <system-out/>
</testsuite> <!-- SeleniumAllConceptsiWithTestNG.DropDown -->
