<?xml version="1.0" encoding="UTF-8"?>
<!-- Generated by org.testng.reporters.JUnitReportReporter -->
<testsuite skipped="12" hostname="DESKTOP-1T2AMDB" name="BasicPrograms.NumbersOperations" tests="13" failures="0" timestamp="2021-03-02T15:01:13 IST" time="0.034" errors="0">
  <testcase name="factorialUsingRecursion" time="0.034" classname="BasicPrograms.NumbersOperations"/>
  <system-out/>
  <testcase name="CircleAreaandCircumference" classname="BasicPrograms.NumbersOperations">
    <skipped/>
  </testcase> <!-- CircleAreaandCircumference -->
  <system-out/>
  <testcase name="swapNumbersWithOutThridNumber" classname="BasicPrograms.NumbersOperations">
    <skipped/>
  </testcase> <!-- swapNumbersWithOutThridNumber -->
  <system-out/>
  <testcase name="reverseNumber" classname="BasicPrograms.NumbersOperations">
    <skipped/>
  </testcase> <!-- reverseNumber -->
  <system-out/>
  <testcase name="amstrangNumber" classname="BasicPrograms.NumbersOperations">
    <skipped/>
  </testcase> <!-- amstrangNumber -->
  <system-out/>
  <testcase name="arthameticOperations" classname="BasicPrograms.NumbersOperations">
    <skipped/>
  </testcase> <!-- arthameticOperations -->
  <system-out/>
  <testcase name="factorialUsingLoops" classname="BasicPrograms.NumbersOperations">
    <skipped/>
  </testcase> <!-- factorialUsingLoops -->
  <system-out/>
  <testcase name="swapNumbersWithThridNumber" classname="BasicPrograms.NumbersOperations">
    <skipped/>
  </testcase> <!-- swapNumbersWithThridNumber -->
  <system-out/>
  <testcase name="SimpleIntrest" classname="BasicPrograms.NumbersOperations">
    <skipped/>
  </testcase> <!-- SimpleIntrest -->
  <system-out/>
  <testcase name="QuotientandRemainder" classname="BasicPrograms.NumbersOperations">
    <skipped/>
  </testcase> <!-- QuotientandRemainder -->
  <system-out/>
  <testcase name="PowerOfNumber" classname="BasicPrograms.NumbersOperations">
    <skipped/>
  </testcase> <!-- PowerOfNumber -->
  <system-out/>
  <testcase name="LeapYearLogic" classname="BasicPrograms.NumbersOperations">
    <skipped/>
  </testcase> <!-- LeapYearLogic -->
  <system-out/>
  <testcase name="EvenOrOddNumber" classname="BasicPrograms.NumbersOperations">
    <skipped/>
  </testcase> <!-- EvenOrOddNumber -->
  <system-out/>
</testsuite> <!-- BasicPrograms.NumbersOperations -->
