<?xml version="1.0" encoding="UTF-8"?>
<!-- Generated by org.testng.reporters.JUnitReportReporter -->
<testsuite skipped="0" hostname="DESKTOP-1T2AMDB" name="TestCases.Home_CartButtonVerification_WithProduct_005" tests="1" failures="0" timestamp="2021-01-09T23:01:09 IST" time="2.825" errors="0">
  <testcase name="verifyCartWithProduct" time="2.825" classname="TestCases.Home_CartButtonVerification_WithProduct_005"/>
</testsuite> <!-- TestCases.Home_CartButtonVerification_WithProduct_005 -->
