<?xml version="1.0" encoding="UTF-8"?>
<!-- Generated by org.testng.reporters.JUnitReportReporter -->
<testsuite skipped="9" hostname="DESKTOP-1T2AMDB" name="BasicPrograms.StringOperations" tests="10" failures="0" timestamp="2021-03-04T22:57:22 IST" time="0.028" errors="0">
  <testcase name="ReversWordsInString" time="0.028" classname="BasicPrograms.StringOperations"/>
  <system-out/>
  <testcase name="Stringcharcount" classname="BasicPrograms.StringOperations">
    <skipped/>
  </testcase> <!-- Stringcharcount -->
  <system-out/>
  <testcase name="reverseStringWithoutUsingMethods" classname="BasicPrograms.StringOperations">
    <skipped/>
  </testcase> <!-- reverseStringWithoutUsingMethods -->
  <system-out/>
  <testcase name="occurrenceOfCharacterInString" classname="BasicPrograms.StringOperations">
    <skipped/>
  </testcase> <!-- occurrenceOfCharacterInString -->
  <system-out/>
  <testcase name="reverseStringUsingStrigBuffer" classname="BasicPrograms.StringOperations">
    <skipped/>
  </testcase> <!-- reverseStringUsingStrigBuffer -->
  <system-out/>
  <testcase name="removeWhitespaces" classname="BasicPrograms.StringOperations">
    <skipped/>
  </testcase> <!-- removeWhitespaces -->
  <system-out/>
  <testcase name="reverseStringUsingStrigBuilder" classname="BasicPrograms.StringOperations">
    <skipped/>
  </testcase> <!-- reverseStringUsingStrigBuilder -->
  <system-out/>
  <testcase name="CharToStringandStringToChar" classname="BasicPrograms.StringOperations">
    <skipped/>
  </testcase> <!-- CharToStringandStringToChar -->
  <system-out/>
  <testcase name="StringSort" classname="BasicPrograms.StringOperations">
    <skipped/>
  </testcase> <!-- StringSort -->
  <system-out/>
  <testcase name="reverseStringUsingListIterator" classname="BasicPrograms.StringOperations">
    <skipped/>
  </testcase> <!-- reverseStringUsingListIterator -->
  <system-out/>
</testsuite> <!-- BasicPrograms.StringOperations -->
