<?xml version="1.0" encoding="UTF-8"?>
<!-- Generated by org.testng.reporters.JUnitReportReporter -->
<testsuite skipped="0" hostname="DESKTOP-1T2AMDB" name="SeleniumAllConceptsiWithTestNG.HandlingBrowserCertifications" tests="1" failures="0" timestamp="2021-03-05T01:28:45 IST" time="11.209" errors="0">
  <testcase name="HandlingBrowserCertifications" time="11.209" classname="SeleniumAllConceptsiWithTestNG.HandlingBrowserCertifications"/>
  <system-out/>
</testsuite> <!-- SeleniumAllConceptsiWithTestNG.HandlingBrowserCertifications -->
