<?xml version="1.0" encoding="UTF-8"?>
<!-- Generated by org.testng.reporters.JUnitReportReporter -->
<testsuite skipped="0" hostname="DESKTOP-1T2AMDB" name="TestCases.Home_Contactus_SendMessage_003" tests="1" failures="0" timestamp="2021-01-09T23:01:09 IST" time="13.411" errors="0">
  <testcase name="sendMessage" time="13.411" classname="TestCases.Home_Contactus_SendMessage_003"/>
</testsuite> <!-- TestCases.Home_Contactus_SendMessage_003 -->
