<?xml version="1.0" encoding="UTF-8"?>
<!-- Generated by org.testng.reporters.JUnitReportReporter -->
<testsuite skipped="0" hostname="DESKTOP-1T2AMDB" name="SeleniumAllConceptsiWithTestNG.UptimizedAddToCart" tests="1" failures="0" timestamp="2021-03-05T01:28:44 IST" time="24.225" errors="0">
  <testcase name="UptimizedAddToCart" time="24.225" classname="SeleniumAllConceptsiWithTestNG.UptimizedAddToCart"/>
  <system-out/>
</testsuite> <!-- SeleniumAllConceptsiWithTestNG.UptimizedAddToCart -->
