<?xml version="1.0" encoding="UTF-8"?>
<!-- Generated by org.testng.reporters.JUnitReportReporter -->
<testsuite skipped="0" hostname="DESKTOP-1T2AMDB" name="TestCases.Women_VerifySortByDropDown_001" tests="1" failures="0" timestamp="2021-01-09T01:51:32 IST" time="7.034" errors="0">
  <testcase name="verifySortByDropDowm" time="7.034" classname="TestCases.Women_VerifySortByDropDown_001"/>
</testsuite> <!-- TestCases.Women_VerifySortByDropDown_001 -->
