<?xml version="1.0" encoding="UTF-8"?>
<!-- Generated by org.testng.reporters.JUnitReportReporter -->
<testsuite skipped="0" hostname="DESKTOP-1T2AMDB" name="BasicPrograms.MapsConcepts" tests="1" failures="0" timestamp="2021-03-09T02:30:02 IST" time="0.031" errors="0">
  <testcase name="KeyValueAssosiation" time="0.031" classname="BasicPrograms.MapsConcepts"/>
  <system-out/>
</testsuite> <!-- BasicPrograms.MapsConcepts -->
