<?xml version="1.0" encoding="UTF-8"?>
<!-- Generated by org.testng.reporters.JUnitReportReporter -->
<testsuite skipped="8" hostname="DESKTOP-1T2AMDB" name="BasicPrograms.StringOperations" tests="9" failures="0" timestamp="2021-02-08T22:23:20 IST" time="0.030" errors="0">
  <testcase name="occurrenceOfCharacterInString" time="0.030" classname="BasicPrograms.StringOperations"/>
  <system-out/>
  <testcase name="reverseStringWithoutUsingMethods" classname="BasicPrograms.StringOperations">
    <skipped/>
  </testcase> <!-- reverseStringWithoutUsingMethods -->
  <system-out/>
  <testcase name="reverseStringUsingStrigBuffer" classname="BasicPrograms.StringOperations">
    <skipped/>
  </testcase> <!-- reverseStringUsingStrigBuffer -->
  <system-out/>
  <testcase name="removeWhitespaces" classname="BasicPrograms.StringOperations">
    <skipped/>
  </testcase> <!-- removeWhitespaces -->
  <system-out/>
  <testcase name="reverseStringUsingStrigBuilder" classname="BasicPrograms.StringOperations">
    <skipped/>
  </testcase> <!-- reverseStringUsingStrigBuilder -->
  <system-out/>
  <testcase name="duplicateCharactorsInString" classname="BasicPrograms.StringOperations">
    <skipped/>
  </testcase> <!-- duplicateCharactorsInString -->
  <system-out/>
  <testcase name="CharToStringandStringToChar" classname="BasicPrograms.StringOperations">
    <skipped/>
  </testcase> <!-- CharToStringandStringToChar -->
  <system-out/>
  <testcase name="StringSort" classname="BasicPrograms.StringOperations">
    <skipped/>
  </testcase> <!-- StringSort -->
  <system-out/>
  <testcase name="reverseStringUsingListIterator" classname="BasicPrograms.StringOperations">
    <skipped/>
  </testcase> <!-- reverseStringUsingListIterator -->
  <system-out/>
</testsuite> <!-- BasicPrograms.StringOperations -->
