<?xml version="1.0" encoding="UTF-8"?>
<!-- Generated by org.testng.reporters.JUnitReportReporter -->
<testsuite skipped="0" hostname="DESKTOP-1T2AMDB" name="TestCases.Home_CartButtonVerification_WithoutProduct_004" tests="1" failures="0" timestamp="2021-01-08T22:40:38 IST" time="5.905" errors="0">
  <testcase name="verifyCartWithoutProduct" time="5.905" classname="TestCases.Home_CartButtonVerification_WithoutProduct_004"/>
</testsuite> <!-- TestCases.Home_CartButtonVerification_WithoutProduct_004 -->
