<?xml version="1.0" encoding="UTF-8"?>
<!-- Generated by org.testng.reporters.JUnitReportReporter -->
<testsuite skipped="0" hostname="DESKTOP-1T2AMDB" name="TestCases.Travelocity_CheckOptions_001" tests="1" failures="0" timestamp="2021-02-21T23:41:20 IST" time="20.239" errors="0">
  <testcase name="testAvialableSiteFeatures" time="20.239" classname="TestCases.Travelocity_CheckOptions_001"/>
  <system-out/>
</testsuite> <!-- TestCases.Travelocity_CheckOptions_001 -->
