<?xml version="1.0" encoding="UTF-8"?>
<!-- Generated by org.testng.reporters.JUnitReportReporter -->
<testsuite skipped="0" hostname="DESKTOP-1T2AMDB" name="SeleniumAllConceptsiWithTestNG.FluentWaitConcept" tests="1" failures="0" timestamp="2021-03-05T14:08:26 IST" time="27.147" errors="0">
  <testcase name="FluentWaitConcept" time="27.147" classname="SeleniumAllConceptsiWithTestNG.FluentWaitConcept"/>
  <system-out/>
</testsuite> <!-- SeleniumAllConceptsiWithTestNG.FluentWaitConcept -->
