<?xml version="1.0" encoding="UTF-8"?>
<!-- Generated by org.testng.reporters.JUnitReportReporter -->
<testsuite skipped="0" hostname="DESKTOP-1T2AMDB" name="TestCases.Travelocity_SearchFunctionality" tests="1" failures="0" timestamp="2021-02-23T14:53:21 IST" time="73.622" errors="0">
  <testcase name="searchHotels" time="73.622" classname="TestCases.Travelocity_SearchFunctionality"/>
  <system-out/>
</testsuite> <!-- TestCases.Travelocity_SearchFunctionality -->
