<?xml version="1.0" encoding="UTF-8"?>
<!-- Generated by org.testng.reporters.JUnitReportReporter -->
<testsuite skipped="0" hostname="DESKTOP-1T2AMDB" name="TestCases.GoogleSearch" tests="1" failures="0" timestamp="2021-02-17T15:37:38 IST" time="9.190" errors="0">
  <testcase name="Wishwork" time="9.190" classname="TestCases.GoogleSearch"/>
  <system-out/>
</testsuite> <!-- TestCases.GoogleSearch -->
