<?xml version="1.0" encoding="UTF-8"?>
<!-- Generated by org.testng.reporters.JUnitReportReporter -->
<testsuite skipped="0" hostname="DESKTOP-1T2AMDB" name="TestCases.Home_Contactus_HomeButtonVerification_002" tests="1" failures="0" timestamp="2021-01-06T19:47:08 IST" time="12.571" errors="0">
  <testcase name="homeButtonVerification" time="12.571" classname="TestCases.Home_Contactus_HomeButtonVerification_002"/>
</testsuite> <!-- TestCases.Home_Contactus_HomeButtonVerification_002 -->
