<?xml version="1.0" encoding="UTF-8"?>
<!-- Generated by org.testng.reporters.JUnitReportReporter -->
<testsuite skipped="0" hostname="DESKTOP-1T2AMDB" name="SeleniumAllConceptsiWithTestNG.HandilingMultipleWindows" tests="1" failures="0" timestamp="2021-03-05T17:21:07 IST" time="19.723" errors="0">
  <testcase name="HandilingMultipleWindowsConcept" time="19.723" classname="SeleniumAllConceptsiWithTestNG.HandilingMultipleWindows"/>
  <system-out/>
</testsuite> <!-- SeleniumAllConceptsiWithTestNG.HandilingMultipleWindows -->
