<?xml version="1.0" encoding="UTF-8"?>
<!-- Generated by org.testng.reporters.JUnitReportReporter -->
<testsuite skipped="0" hostname="DESKTOP-1T2AMDB" name="SeleniumAllConceptsiWithTestNG.Demo" tests="1" failures="0" timestamp="2021-03-05T13:44:16 IST" time="23.997" errors="0">
  <testcase name="Demo" time="23.997" classname="SeleniumAllConceptsiWithTestNG.Demo"/>
  <system-out/>
</testsuite> <!-- SeleniumAllConceptsiWithTestNG.Demo -->
