<?xml version="1.0" encoding="UTF-8"?>
<!-- Generated by org.testng.reporters.JUnitReportReporter -->
<testsuite skipped="0" hostname="DESKTOP-1T2AMDB" name="TestCases.Home_CartButton_004" tests="1" failures="0" timestamp="2021-01-07T10:48:48 IST" time="4.885" errors="0">
  <testcase name="verifyCartWithoutProduct" time="4.885" classname="TestCases.Home_CartButton_004"/>
</testsuite> <!-- TestCases.Home_CartButton_004 -->
