<?xml version="1.0" encoding="UTF-8"?>
<!-- Generated by org.testng.reporters.JUnitReportReporter -->
<testsuite skipped="0" hostname="DESKTOP-1T2AMDB" name="SeleniumAllConceptsiWithTestNG.TableColumnSorting" tests="1" failures="0" timestamp="2021-03-05T12:02:37 IST" time="8.683" errors="0">
  <testcase name="TableColumnSorting" time="8.683" classname="SeleniumAllConceptsiWithTestNG.TableColumnSorting"/>
  <system-out/>
</testsuite> <!-- SeleniumAllConceptsiWithTestNG.TableColumnSorting -->
