<?xml version="1.0" encoding="UTF-8"?>
<!-- Generated by org.testng.reporters.JUnitReportReporter -->
<testsuite skipped="0" hostname="DESKTOP-1T2AMDB" name="SeleniumAllConceptsiWithTestNG.Checkbox" tests="1" failures="0" timestamp="2021-03-05T17:41:28 IST" time="40.599" errors="0">
  <testcase name="Checkbox" time="40.599" classname="SeleniumAllConceptsiWithTestNG.Checkbox"/>
  <system-out/>
</testsuite> <!-- SeleniumAllConceptsiWithTestNG.Checkbox -->
