<?xml version="1.0" encoding="UTF-8"?>
<!-- Generated by org.testng.reporters.JUnitReportReporter -->
<testsuite skipped="0" hostname="DESKTOP-1T2AMDB" name="SeleniumAllConceptsiWithTestNG.SpicejetFilightSearchWithCurrentDate" tests="1" failures="0" timestamp="2021-03-05T17:18:54 IST" time="86.539" errors="0">
  <testcase name="SpicejetFilightSearchWithCurrentDate" time="86.539" classname="SeleniumAllConceptsiWithTestNG.SpicejetFilightSearchWithCurrentDate"/>
  <system-out/>
</testsuite> <!-- SeleniumAllConceptsiWithTestNG.SpicejetFilightSearchWithCurrentDate -->
