<?xml version="1.0" encoding="UTF-8"?>
<!-- Generated by org.testng.reporters.JUnitReportReporter -->
<testsuite skipped="0" hostname="DESKTOP-1T2AMDB" name="BasicPrograms.NumberOperations" tests="8" failures="0" timestamp="2021-02-09T09:55:00 IST" time="0.063" errors="0">
  <testcase name="CircleAreaandCircumference" time="0.027" classname="BasicPrograms.NumberOperations"/>
  <system-out/>
  <testcase name="PowerOfNumber" time="0.005" classname="BasicPrograms.NumberOperations"/>
  <system-out/>
  <testcase name="QuotientandRemainder" time="0.004" classname="BasicPrograms.NumberOperations"/>
  <system-out/>
  <testcase name="SimpleIntrest" time="0.006" classname="BasicPrograms.NumberOperations"/>
  <system-out/>
  <testcase name="arthameticOperations" time="0.005" classname="BasicPrograms.NumberOperations"/>
  <system-out/>
  <testcase name="EvenOrOddNumber" time="0.005" classname="BasicPrograms.NumberOperations"/>
  <system-out/>
  <testcase name="LeapYearLogic" time="0.008" classname="BasicPrograms.NumberOperations"/>
  <system-out/>
  <testcase name="reverseNumber" time="0.003" classname="BasicPrograms.NumberOperations"/>
  <system-out/>
</testsuite> <!-- BasicPrograms.NumberOperations -->
