<?xml version="1.0" encoding="UTF-8"?>
<!-- Generated by org.testng.reporters.JUnitReportReporter -->
<testsuite skipped="0" hostname="DESKTOP-1T2AMDB" name="TestCases.Women_VerifyPageTitle_001" tests="1" failures="0" timestamp="2021-01-06T12:08:23 IST" time="9.340" errors="0">
  <testcase name="selectCheckbox" time="9.340" classname="TestCases.Women_VerifyPageTitle_001"/>
</testsuite> <!-- TestCases.Women_VerifyPageTitle_001 -->
