<?xml version="1.0" encoding="UTF-8"?>
<!-- Generated by org.testng.reporters.JUnitReportReporter -->
<testsuite skipped="0" hostname="DESKTOP-1T2AMDB" name="SeleniumAllConceptsiWithTestNG.AlertHandling" tests="1" failures="0" timestamp="2021-03-05T01:28:44 IST" time="18.129" errors="0">
  <testcase name="AlertHandling" time="18.129" classname="SeleniumAllConceptsiWithTestNG.AlertHandling"/>
  <system-out/>
</testsuite> <!-- SeleniumAllConceptsiWithTestNG.AlertHandling -->
