<?xml version="1.0" encoding="UTF-8"?>
<!-- Generated by org.testng.reporters.JUnitReportReporter -->
<testsuite skipped="0" hostname="DESKTOP-1T2AMDB" name="TestCases.Home_Sign_Registration_004" tests="1" failures="0" timestamp="2021-02-07T18:27:17 IST" time="63.186" errors="0">
  <testcase name="completeRegistraion" time="63.186" classname="TestCases.Home_Sign_Registration_004"/>
</testsuite> <!-- TestCases.Home_Sign_Registration_004 -->
