<?xml version="1.0" encoding="UTF-8"?>
<!-- Generated by org.testng.reporters.JUnitReportReporter -->
<testsuite skipped="0" hostname="DESKTOP-1T2AMDB" name="TestCases.Home_Footer_InformationLinks_Verification_004" tests="1" failures="0" timestamp="2021-01-21T23:10:01 IST" time="124.351" errors="0">
  <testcase name="verifyMyAccountFooterLinks" time="124.351" classname="TestCases.Home_Footer_InformationLinks_Verification_004"/>
</testsuite> <!-- TestCases.Home_Footer_InformationLinks_Verification_004 -->
