<?xml version="1.0" encoding="UTF-8"?>
<!-- Generated by org.testng.reporters.JUnitReportReporter -->
<testsuite skipped="0" hostname="DESKTOP-1T2AMDB" name="TestCases.Women_VerifyWomensPage_001" tests="2" failures="0" timestamp="2021-02-07T18:27:17 IST" time="15.805" errors="0">
  <testcase name="VerifyWomenPageSection" time="9.153" classname="TestCases.Women_VerifyWomensPage_001"/>
  <testcase name="verifySortByDropDowm" time="6.652" classname="TestCases.Women_VerifyWomensPage_001"/>
</testsuite> <!-- TestCases.Women_VerifyWomensPage_001 -->
