<?xml version="1.0" encoding="UTF-8"?>
<!-- Generated by org.testng.reporters.JUnitReportReporter -->
<testsuite skipped="0" hostname="DESKTOP-1T2AMDB" name="TestCases.Home_Sign_Registration_004" tests="1" failures="0" timestamp="2021-01-21T23:10:01 IST" time="103.904" errors="0">
  <testcase name="completeRegistraion" time="103.904" classname="TestCases.Home_Sign_Registration_004"/>
</testsuite> <!-- TestCases.Home_Sign_Registration_004 -->
