<?xml version="1.0" encoding="UTF-8"?>
<!-- Generated by org.testng.reporters.JUnitReportReporter -->
<testsuite skipped="0" hostname="DESKTOP-1T2AMDB" name="TestCases.Dress_VerifyPageTitle_001" tests="1" failures="0" timestamp="2021-02-07T18:27:17 IST" time="5.558" errors="0">
  <testcase name="verifyDressPage" time="5.558" classname="TestCases.Dress_VerifyPageTitle_001"/>
</testsuite> <!-- TestCases.Dress_VerifyPageTitle_001 -->
