<?xml version="1.0" encoding="UTF-8"?>
<!-- Generated by org.testng.reporters.JUnitReportReporter -->
<testsuite skipped="0" hostname="DESKTOP-1T2AMDB" name="TestCases.Registration" tests="1" failures="0" timestamp="2021-01-15T00:56:07 IST" time="16.152" errors="0">
  <testcase name="completeRegistraion" time="16.152" classname="TestCases.Registration"/>
</testsuite> <!-- TestCases.Registration -->
