<?xml version="1.0" encoding="UTF-8"?>
<!-- Generated by org.testng.reporters.JUnitReportReporter -->
<testsuite skipped="3" hostname="DESKTOP-1T2AMDB" name="TestCases.Home_Contactus_PageVerification_001" tests="4" failures="0" timestamp="2021-02-07T18:27:17 IST" time="7.301" errors="0">
  <testcase name="verifyContactUseLink" time="7.301" classname="TestCases.Home_Contactus_PageVerification_001"/>
  <testcase name="sendMessage_UploadusingSendKeys" classname="TestCases.Home_Contactus_PageVerification_001">
    <skipped/>
  </testcase> <!-- sendMessage_UploadusingSendKeys -->
  <testcase name="Monster_FileUploadUsingRobotClass" classname="TestCases.Home_Contactus_PageVerification_001">
    <skipped/>
  </testcase> <!-- Monster_FileUploadUsingRobotClass -->
  <testcase name="homeButtonVerification" classname="TestCases.Home_Contactus_PageVerification_001">
    <skipped/>
  </testcase> <!-- homeButtonVerification -->
</testsuite> <!-- TestCases.Home_Contactus_PageVerification_001 -->
