<?xml version="1.0" encoding="UTF-8"?>
<!-- Generated by org.testng.reporters.JUnitReportReporter -->
<testsuite skipped="0" hostname="DESKTOP-1T2AMDB" name="TestCases.Home_AddToCart_CheckProduct_006" tests="1" failures="0" timestamp="2021-01-10T00:30:40 IST" time="5.751" errors="0">
  <testcase name="ProductSelection" time="5.751" classname="TestCases.Home_AddToCart_CheckProduct_006"/>
</testsuite> <!-- TestCases.Home_AddToCart_CheckProduct_006 -->
