<?xml version="1.0" encoding="UTF-8"?>
<!-- Generated by org.testng.reporters.JUnitReportReporter -->
<testsuite skipped="0" hostname="DESKTOP-1T2AMDB" name="TestCases.Home_ContactUs_LinkVerification_001" tests="1" failures="0" timestamp="2021-01-14T17:35:28 IST" time="8.825" errors="0">
  <testcase name="verifyContactUseLink" time="8.825" classname="TestCases.Home_ContactUs_LinkVerification_001"/>
</testsuite> <!-- TestCases.Home_ContactUs_LinkVerification_001 -->
