<?xml version="1.0" encoding="UTF-8"?>
<!-- Generated by org.testng.reporters.JUnitReportReporter -->
<testsuite skipped="0" hostname="DESKTOP-1T2AMDB" name="TestCases.Home_Footer_InformationLinks_Verification_004" tests="1" failures="0" timestamp="2021-02-07T18:27:17 IST" time="47.794" errors="0">
  <testcase name="verifyMyAccountFooterLinks" time="47.794" classname="TestCases.Home_Footer_InformationLinks_Verification_004"/>
</testsuite> <!-- TestCases.Home_Footer_InformationLinks_Verification_004 -->
