<?xml version="1.0" encoding="UTF-8"?>
<!-- Generated by org.testng.reporters.JUnitReportReporter -->
<testsuite skipped="1" hostname="DESKTOP-1T2AMDB" name="TestCases.Home_CartButton_Verification_002" tests="2" failures="0" timestamp="2021-02-07T18:27:17 IST" time="4.147" errors="0">
  <testcase name="verifyCartButtonWithoutProduct" time="4.147" classname="TestCases.Home_CartButton_Verification_002"/>
  <testcase name="verifyCartButtonWithProduct" classname="TestCases.Home_CartButton_Verification_002">
    <skipped/>
  </testcase> <!-- verifyCartButtonWithProduct -->
</testsuite> <!-- TestCases.Home_CartButton_Verification_002 -->
