<?xml version="1.0" encoding="UTF-8"?>
<!-- Generated by org.testng.reporters.JUnitReportReporter -->
<testsuite skipped="0" hostname="DESKTOP-1T2AMDB" name="TestCases.Home_CartButtonVerification_WithProduct_005" tests="1" failures="0" timestamp="2021-01-10T00:30:40 IST" time="7.741" errors="0">
  <testcase name="verifyCartWithProduct" time="7.741" classname="TestCases.Home_CartButtonVerification_WithProduct_005"/>
</testsuite> <!-- TestCases.Home_CartButtonVerification_WithProduct_005 -->
